<?xml version="1.0" encoding="UTF-8"?>
<testsuite name="ab1.Ab1Tests" tests="1" skipped="0" failures="0" errors="0" timestamp="2025-04-24T17:22:06" hostname="FLORIANLAPTOP" time="1.041">
  <properties/>
  <testcase name="testMerge()" classname="ab1.Ab1Tests" time="1.041"/>
  <system-out><![CDATA[]]></system-out>
  <system-err><![CDATA[]]></system-err>
</testsuite>
