<?xml version="1.0" encoding="UTF-8"?>
<testsuite name="ab1.Ab1Tests" tests="1" skipped="0" failures="0" errors="0" timestamp="2025-05-02T06:49:28" hostname="FLORIANLAPTOP" time="0.433">
  <properties/>
  <testcase name="testMerge()" classname="ab1.Ab1Tests" time="0.433"/>
  <system-out><![CDATA[]]></system-out>
  <system-err><![CDATA[]]></system-err>
</testsuite>
