<?xml version="1.0" encoding="UTF-8"?>
<testsuite name="ab1.Ab1Tests" tests="1" skipped="0" failures="0" errors="0" timestamp="2025-04-15T09:48:47" hostname="FOSWALD86TP" time="0.034">
  <properties/>
  <testcase name="testSort()" classname="ab1.Ab1Tests" time="0.034"/>
  <system-out><![CDATA[]]></system-out>
  <system-err><![CDATA[]]></system-err>
</testsuite>
